running egg_info
creating ../../build/remote_control_pkg/remote_control_pkg.egg-info
writing ../../build/remote_control_pkg/remote_control_pkg.egg-info/PKG-INFO
writing dependency_links to ../../build/remote_control_pkg/remote_control_pkg.egg-info/dependency_links.txt
writing entry points to ../../build/remote_control_pkg/remote_control_pkg.egg-info/entry_points.txt
writing requirements to ../../build/remote_control_pkg/remote_control_pkg.egg-info/requires.txt
writing top-level names to ../../build/remote_control_pkg/remote_control_pkg.egg-info/top_level.txt
writing manifest file '../../build/remote_control_pkg/remote_control_pkg.egg-info/SOURCES.txt'
reading manifest file '../../build/remote_control_pkg/remote_control_pkg.egg-info/SOURCES.txt'
writing manifest file '../../build/remote_control_pkg/remote_control_pkg.egg-info/SOURCES.txt'
running build
running build_py
creating /home/lianxin/Projects/SpaceMan_ws/build/remote_control_pkg/build
creating /home/lianxin/Projects/SpaceMan_ws/build/remote_control_pkg/build/lib
creating /home/lianxin/Projects/SpaceMan_ws/build/remote_control_pkg/build/lib/remote_control_pkg
copying remote_control_pkg/__init__.py -> /home/lianxin/Projects/SpaceMan_ws/build/remote_control_pkg/build/lib/remote_control_pkg
copying remote_control_pkg/keyboard_control_node.py -> /home/lianxin/Projects/SpaceMan_ws/build/remote_control_pkg/build/lib/remote_control_pkg
running install
running install_lib
creating /home/lianxin/Projects/SpaceMan_ws/install/remote_control_pkg/lib/python3.10/site-packages/remote_control_pkg
copying /home/lianxin/Projects/SpaceMan_ws/build/remote_control_pkg/build/lib/remote_control_pkg/__init__.py -> /home/lianxin/Projects/SpaceMan_ws/install/remote_control_pkg/lib/python3.10/site-packages/remote_control_pkg
copying /home/lianxin/Projects/SpaceMan_ws/build/remote_control_pkg/build/lib/remote_control_pkg/keyboard_control_node.py -> /home/lianxin/Projects/SpaceMan_ws/install/remote_control_pkg/lib/python3.10/site-packages/remote_control_pkg
byte-compiling /home/lianxin/Projects/SpaceMan_ws/install/remote_control_pkg/lib/python3.10/site-packages/remote_control_pkg/__init__.py to __init__.cpython-310.pyc
byte-compiling /home/lianxin/Projects/SpaceMan_ws/install/remote_control_pkg/lib/python3.10/site-packages/remote_control_pkg/keyboard_control_node.py to keyboard_control_node.cpython-310.pyc
running install_data
creating /home/lianxin/Projects/SpaceMan_ws/install/remote_control_pkg/share/ament_index
creating /home/lianxin/Projects/SpaceMan_ws/install/remote_control_pkg/share/ament_index/resource_index
creating /home/lianxin/Projects/SpaceMan_ws/install/remote_control_pkg/share/ament_index/resource_index/packages
copying resource/remote_control_pkg -> /home/lianxin/Projects/SpaceMan_ws/install/remote_control_pkg/share/ament_index/resource_index/packages
copying package.xml -> /home/lianxin/Projects/SpaceMan_ws/install/remote_control_pkg/share/remote_control_pkg
running install_egg_info
Copying ../../build/remote_control_pkg/remote_control_pkg.egg-info to /home/lianxin/Projects/SpaceMan_ws/install/remote_control_pkg/lib/python3.10/site-packages/remote_control_pkg-0.0.0-py3.10.egg-info
running install_scripts
Installing keyboard_control_node script to /home/lianxin/Projects/SpaceMan_ws/install/remote_control_pkg/lib/remote_control_pkg
writing list of installed files to '/home/lianxin/Projects/SpaceMan_ws/build/remote_control_pkg/install.log'
