[0.383s] Invoking command in '/home/lianxin/Projects/SpaceMan_ws/src/remote_control_pkg': CONDA_PROMPT_MODIFIER=(genesis_env) PYTHONPATH=/home/lianxin/Projects/SpaceMan_ws/build/remote_control_pkg/prefix_override:/home/lianxin/.local/lib/python3.10/site-packages/colcon_core/task/python/colcon_distutils_commands:/home/lianxin/Projects/SpaceMan_ws/install/remote_control_pkg/lib/python3.10/site-packages:${PYTHONPATH} /usr/bin/python3 -W ignore:setup.py install is deprecated -W ignore:easy_install command is deprecated setup.py egg_info --egg-base ../../build/remote_control_pkg build --build-base /home/lianxin/Projects/SpaceMan_ws/build/remote_control_pkg/build install --record /home/lianxin/Projects/SpaceMan_ws/build/remote_control_pkg/install.log --single-version-externally-managed install_data
[0.492s] running egg_info
[0.492s] writing ../../build/remote_control_pkg/remote_control_pkg.egg-info/PKG-INFO
[0.492s] writing dependency_links to ../../build/remote_control_pkg/remote_control_pkg.egg-info/dependency_links.txt
[0.492s] writing entry points to ../../build/remote_control_pkg/remote_control_pkg.egg-info/entry_points.txt
[0.492s] writing requirements to ../../build/remote_control_pkg/remote_control_pkg.egg-info/requires.txt
[0.492s] writing top-level names to ../../build/remote_control_pkg/remote_control_pkg.egg-info/top_level.txt
[0.493s] reading manifest file '../../build/remote_control_pkg/remote_control_pkg.egg-info/SOURCES.txt'
[0.494s] writing manifest file '../../build/remote_control_pkg/remote_control_pkg.egg-info/SOURCES.txt'
[0.494s] running build
[0.494s] running build_py
[0.494s] running install
[0.494s] running install_lib
[0.495s] running install_data
[0.495s] running install_egg_info
[0.496s] removing '/home/lianxin/Projects/SpaceMan_ws/install/remote_control_pkg/lib/python3.10/site-packages/remote_control_pkg-0.0.0-py3.10.egg-info' (and everything under it)
[0.496s] Copying ../../build/remote_control_pkg/remote_control_pkg.egg-info to /home/lianxin/Projects/SpaceMan_ws/install/remote_control_pkg/lib/python3.10/site-packages/remote_control_pkg-0.0.0-py3.10.egg-info
[0.496s] running install_scripts
[0.507s] Installing keyboard_control_node script to /home/lianxin/Projects/SpaceMan_ws/install/remote_control_pkg/lib/remote_control_pkg
[0.507s] writing list of installed files to '/home/lianxin/Projects/SpaceMan_ws/build/remote_control_pkg/install.log'
[0.519s] Invoked command in '/home/lianxin/Projects/SpaceMan_ws/src/remote_control_pkg' returned '0': CONDA_PROMPT_MODIFIER=(genesis_env) PYTHONPATH=/home/lianxin/Projects/SpaceMan_ws/build/remote_control_pkg/prefix_override:/home/lianxin/.local/lib/python3.10/site-packages/colcon_core/task/python/colcon_distutils_commands:/home/lianxin/Projects/SpaceMan_ws/install/remote_control_pkg/lib/python3.10/site-packages:${PYTHONPATH} /usr/bin/python3 -W ignore:setup.py install is deprecated -W ignore:easy_install command is deprecated setup.py egg_info --egg-base ../../build/remote_control_pkg build --build-base /home/lianxin/Projects/SpaceMan_ws/build/remote_control_pkg/build install --record /home/lianxin/Projects/SpaceMan_ws/build/remote_control_pkg/install.log --single-version-externally-managed install_data
