running egg_info
creating ../../build/satellite_manipulation_pkg/satellite_manipulation_pkg.egg-info
writing ../../build/satellite_manipulation_pkg/satellite_manipulation_pkg.egg-info/PKG-INFO
writing dependency_links to ../../build/satellite_manipulation_pkg/satellite_manipulation_pkg.egg-info/dependency_links.txt
writing entry points to ../../build/satellite_manipulation_pkg/satellite_manipulation_pkg.egg-info/entry_points.txt
writing requirements to ../../build/satellite_manipulation_pkg/satellite_manipulation_pkg.egg-info/requires.txt
writing top-level names to ../../build/satellite_manipulation_pkg/satellite_manipulation_pkg.egg-info/top_level.txt
writing manifest file '../../build/satellite_manipulation_pkg/satellite_manipulation_pkg.egg-info/SOURCES.txt'
reading manifest file '../../build/satellite_manipulation_pkg/satellite_manipulation_pkg.egg-info/SOURCES.txt'
writing manifest file '../../build/satellite_manipulation_pkg/satellite_manipulation_pkg.egg-info/SOURCES.txt'
running build
running build_py
creating /home/lianxin/Projects/SpaceMan_ws/build/satellite_manipulation_pkg/build
creating /home/lianxin/Projects/SpaceMan_ws/build/satellite_manipulation_pkg/build/lib
creating /home/lianxin/Projects/SpaceMan_ws/build/satellite_manipulation_pkg/build/lib/satellite_manipulation_pkg
copying satellite_manipulation_pkg/satellite_onearm_node.py -> /home/lianxin/Projects/SpaceMan_ws/build/satellite_manipulation_pkg/build/lib/satellite_manipulation_pkg
copying satellite_manipulation_pkg/__init__.py -> /home/lianxin/Projects/SpaceMan_ws/build/satellite_manipulation_pkg/build/lib/satellite_manipulation_pkg
running install
running install_lib
creating /home/lianxin/Projects/SpaceMan_ws/install/satellite_manipulation_pkg/lib/python3.10/site-packages/satellite_manipulation_pkg
copying /home/lianxin/Projects/SpaceMan_ws/build/satellite_manipulation_pkg/build/lib/satellite_manipulation_pkg/satellite_onearm_node.py -> /home/lianxin/Projects/SpaceMan_ws/install/satellite_manipulation_pkg/lib/python3.10/site-packages/satellite_manipulation_pkg
copying /home/lianxin/Projects/SpaceMan_ws/build/satellite_manipulation_pkg/build/lib/satellite_manipulation_pkg/__init__.py -> /home/lianxin/Projects/SpaceMan_ws/install/satellite_manipulation_pkg/lib/python3.10/site-packages/satellite_manipulation_pkg
byte-compiling /home/lianxin/Projects/SpaceMan_ws/install/satellite_manipulation_pkg/lib/python3.10/site-packages/satellite_manipulation_pkg/satellite_onearm_node.py to satellite_onearm_node.cpython-310.pyc
byte-compiling /home/lianxin/Projects/SpaceMan_ws/install/satellite_manipulation_pkg/lib/python3.10/site-packages/satellite_manipulation_pkg/__init__.py to __init__.cpython-310.pyc
running install_data
creating /home/lianxin/Projects/SpaceMan_ws/install/satellite_manipulation_pkg/share/ament_index
creating /home/lianxin/Projects/SpaceMan_ws/install/satellite_manipulation_pkg/share/ament_index/resource_index
creating /home/lianxin/Projects/SpaceMan_ws/install/satellite_manipulation_pkg/share/ament_index/resource_index/packages
copying resource/satellite_manipulation_pkg -> /home/lianxin/Projects/SpaceMan_ws/install/satellite_manipulation_pkg/share/ament_index/resource_index/packages
copying package.xml -> /home/lianxin/Projects/SpaceMan_ws/install/satellite_manipulation_pkg/share/satellite_manipulation_pkg
running install_egg_info
Copying ../../build/satellite_manipulation_pkg/satellite_manipulation_pkg.egg-info to /home/lianxin/Projects/SpaceMan_ws/install/satellite_manipulation_pkg/lib/python3.10/site-packages/satellite_manipulation_pkg-0.0.0-py3.10.egg-info
running install_scripts
Installing satellite_onearm_node script to /home/lianxin/Projects/SpaceMan_ws/install/satellite_manipulation_pkg/lib/satellite_manipulation_pkg
writing list of installed files to '/home/lianxin/Projects/SpaceMan_ws/build/satellite_manipulation_pkg/install.log'
