[0.269s] Invoking command in '/home/lianxin/Projects/SpaceMan_ws/src/satellite_manipulation_pkg': CONDA_PROMPT_MODIFIER=(base) PYTHONPATH=/home/lianxin/Projects/SpaceMan_ws/build/satellite_manipulation_pkg/prefix_override:/home/lianxin/.local/lib/python3.10/site-packages/colcon_core/task/python/colcon_distutils_commands:/home/lianxin/Projects/SpaceMan_ws/install/satellite_manipulation_pkg/lib/python3.10/site-packages:${PYTHONPATH} /usr/bin/python3 -W ignore:setup.py install is deprecated -W ignore:easy_install command is deprecated setup.py egg_info --egg-base ../../build/satellite_manipulation_pkg build --build-base /home/lianxin/Projects/SpaceMan_ws/build/satellite_manipulation_pkg/build install --record /home/lianxin/Projects/SpaceMan_ws/build/satellite_manipulation_pkg/install.log --single-version-externally-managed install_data
[0.372s] running egg_info
[0.372s] creating ../../build/satellite_manipulation_pkg/satellite_manipulation_pkg.egg-info
[0.372s] writing ../../build/satellite_manipulation_pkg/satellite_manipulation_pkg.egg-info/PKG-INFO
[0.372s] writing dependency_links to ../../build/satellite_manipulation_pkg/satellite_manipulation_pkg.egg-info/dependency_links.txt
[0.372s] writing entry points to ../../build/satellite_manipulation_pkg/satellite_manipulation_pkg.egg-info/entry_points.txt
[0.372s] writing requirements to ../../build/satellite_manipulation_pkg/satellite_manipulation_pkg.egg-info/requires.txt
[0.372s] writing top-level names to ../../build/satellite_manipulation_pkg/satellite_manipulation_pkg.egg-info/top_level.txt
[0.372s] writing manifest file '../../build/satellite_manipulation_pkg/satellite_manipulation_pkg.egg-info/SOURCES.txt'
[0.373s] reading manifest file '../../build/satellite_manipulation_pkg/satellite_manipulation_pkg.egg-info/SOURCES.txt'
[0.373s] writing manifest file '../../build/satellite_manipulation_pkg/satellite_manipulation_pkg.egg-info/SOURCES.txt'
[0.373s] running build
[0.373s] running build_py
[0.373s] creating /home/lianxin/Projects/SpaceMan_ws/build/satellite_manipulation_pkg/build
[0.373s] creating /home/lianxin/Projects/SpaceMan_ws/build/satellite_manipulation_pkg/build/lib
[0.374s] creating /home/lianxin/Projects/SpaceMan_ws/build/satellite_manipulation_pkg/build/lib/satellite_manipulation_pkg
[0.374s] copying satellite_manipulation_pkg/satellite_onearm_node.py -> /home/lianxin/Projects/SpaceMan_ws/build/satellite_manipulation_pkg/build/lib/satellite_manipulation_pkg
[0.374s] copying satellite_manipulation_pkg/__init__.py -> /home/lianxin/Projects/SpaceMan_ws/build/satellite_manipulation_pkg/build/lib/satellite_manipulation_pkg
[0.374s] running install
[0.374s] running install_lib
[0.374s] creating /home/lianxin/Projects/SpaceMan_ws/install/satellite_manipulation_pkg/lib/python3.10/site-packages/satellite_manipulation_pkg
[0.374s] copying /home/lianxin/Projects/SpaceMan_ws/build/satellite_manipulation_pkg/build/lib/satellite_manipulation_pkg/satellite_onearm_node.py -> /home/lianxin/Projects/SpaceMan_ws/install/satellite_manipulation_pkg/lib/python3.10/site-packages/satellite_manipulation_pkg
[0.374s] copying /home/lianxin/Projects/SpaceMan_ws/build/satellite_manipulation_pkg/build/lib/satellite_manipulation_pkg/__init__.py -> /home/lianxin/Projects/SpaceMan_ws/install/satellite_manipulation_pkg/lib/python3.10/site-packages/satellite_manipulation_pkg
[0.374s] byte-compiling /home/lianxin/Projects/SpaceMan_ws/install/satellite_manipulation_pkg/lib/python3.10/site-packages/satellite_manipulation_pkg/satellite_onearm_node.py to satellite_onearm_node.cpython-310.pyc
[0.374s] byte-compiling /home/lianxin/Projects/SpaceMan_ws/install/satellite_manipulation_pkg/lib/python3.10/site-packages/satellite_manipulation_pkg/__init__.py to __init__.cpython-310.pyc
[0.374s] running install_data
[0.374s] creating /home/lianxin/Projects/SpaceMan_ws/install/satellite_manipulation_pkg/share/ament_index
[0.375s] creating /home/lianxin/Projects/SpaceMan_ws/install/satellite_manipulation_pkg/share/ament_index/resource_index
[0.375s] creating /home/lianxin/Projects/SpaceMan_ws/install/satellite_manipulation_pkg/share/ament_index/resource_index/packages
[0.375s] copying resource/satellite_manipulation_pkg -> /home/lianxin/Projects/SpaceMan_ws/install/satellite_manipulation_pkg/share/ament_index/resource_index/packages
[0.375s] copying package.xml -> /home/lianxin/Projects/SpaceMan_ws/install/satellite_manipulation_pkg/share/satellite_manipulation_pkg
[0.375s] running install_egg_info
[0.375s] Copying ../../build/satellite_manipulation_pkg/satellite_manipulation_pkg.egg-info to /home/lianxin/Projects/SpaceMan_ws/install/satellite_manipulation_pkg/lib/python3.10/site-packages/satellite_manipulation_pkg-0.0.0-py3.10.egg-info
[0.376s] running install_scripts
[0.386s] Installing satellite_onearm_node script to /home/lianxin/Projects/SpaceMan_ws/install/satellite_manipulation_pkg/lib/satellite_manipulation_pkg
[0.386s] writing list of installed files to '/home/lianxin/Projects/SpaceMan_ws/build/satellite_manipulation_pkg/install.log'
[0.396s] Invoked command in '/home/lianxin/Projects/SpaceMan_ws/src/satellite_manipulation_pkg' returned '0': CONDA_PROMPT_MODIFIER=(base) PYTHONPATH=/home/lianxin/Projects/SpaceMan_ws/build/satellite_manipulation_pkg/prefix_override:/home/lianxin/.local/lib/python3.10/site-packages/colcon_core/task/python/colcon_distutils_commands:/home/lianxin/Projects/SpaceMan_ws/install/satellite_manipulation_pkg/lib/python3.10/site-packages:${PYTHONPATH} /usr/bin/python3 -W ignore:setup.py install is deprecated -W ignore:easy_install command is deprecated setup.py egg_info --egg-base ../../build/satellite_manipulation_pkg build --build-base /home/lianxin/Projects/SpaceMan_ws/build/satellite_manipulation_pkg/build install --record /home/lianxin/Projects/SpaceMan_ws/build/satellite_manipulation_pkg/install.log --single-version-externally-managed install_data
