[0.763s] Invoking command in '/home/robotarm/SpaceMan/build/starlink': CONDA_PROMPT_MODIFIER=(genesis_env) /usr/bin/cmake /home/robotarm/SpaceMan/src/spaceman/src/assets/urdf/starlink -DCATKIN_INSTALL_INTO_PREFIX_ROOT=0 -DCMAKE_INSTALL_PREFIX=/home/robotarm/SpaceMan/install/starlink
[0.802s] [0mCMake Deprecation Warning at CMakeLists.txt:1 (cmake_minimum_required):
[0.803s]   Compatibility with CMake < 2.8.12 will be removed from a future version of
[0.803s]   CMake.
[0.803s] 
[0.803s]   Update the VERSION argument <min> value or use a ...<max> suffix to tell
[0.803s]   CMake that the project does not need compatibility with older versions.
[0.803s] 
[0.803s] [0m
[0.946s] -- The C compiler identification is GNU 11.4.0
[1.088s] -- The CXX compiler identification is GNU 11.4.0
[1.106s] -- Detecting C compiler ABI info
[1.247s] -- Detecting C compiler ABI info - done
[1.264s] -- Check for working C compiler: /usr/bin/cc - skipped
[1.264s] -- Detecting C compile features
[1.265s] -- Detecting C compile features - done
[1.271s] -- Detecting CXX compiler ABI info
[1.423s] -- Detecting CXX compiler ABI info - done
[1.436s] -- Check for working CXX compiler: /usr/bin/c++ - skipped
[1.437s] -- Detecting CXX compile features
[1.437s] -- Detecting CXX compile features - done
[1.473s] [31mCMake Error at CMakeLists.txt:5 (find_package):
[1.473s]   By not providing "Findcatkin.cmake" in CMAKE_MODULE_PATH this project has
[1.473s]   asked CMake to find a package configuration file provided by "catkin", but
[1.473s]   CMake did not find one.
[1.473s] 
[1.474s]   Could not find a package configuration file provided by "catkin" with any
[1.474s]   of the following names:
[1.474s] 
[1.474s]     catkinConfig.cmake
[1.474s]     catkin-config.cmake
[1.474s] 
[1.474s]   Add the installation prefix of "catkin" to CMAKE_PREFIX_PATH or set
[1.475s]   "catkin_DIR" to a directory containing one of the above files.  If "catkin"
[1.475s]   provides a separate development package or SDK, be sure it has been
[1.475s]   installed.
[1.475s] 
[1.475s] [0m
[1.475s] -- Configuring incomplete, errors occurred!
[1.476s] See also "/home/robotarm/SpaceMan/build/starlink/CMakeFiles/CMakeOutput.log".
[1.479s] Invoked command in '/home/robotarm/SpaceMan/build/starlink' returned '1': CONDA_PROMPT_MODIFIER=(genesis_env) /usr/bin/cmake /home/robotarm/SpaceMan/src/spaceman/src/assets/urdf/starlink -DCATKIN_INSTALL_INTO_PREFIX_ROOT=0 -DCMAKE_INSTALL_PREFIX=/home/robotarm/SpaceMan/install/starlink
