[0.009s] Invoking command in '/home/lianxin/Projects/SpaceMan_ws/build/satellite': CONDA_PROMPT_MODIFIER=(base) /usr/bin/cmake /home/lianxin/Projects/SpaceMan_ws/spaceman/src/assets/urdf/satellite -DCATKIN_INSTALL_INTO_PREFIX_ROOT=0 -DCMAKE_INSTALL_PREFIX=/home/lianxin/Projects/SpaceMan_ws/install/satellite
[0.016s] [0mCMake Deprecation Warning at CMakeLists.txt:1 (cmake_minimum_required):
[0.016s]   Compatibility with CMake < 2.8.12 will be removed from a future version of
[0.016s]   CMake.
[0.016s] 
[0.016s]   Update the VERSION argument <min> value or use a ...<max> suffix to tell
[0.016s]   CMake that the project does not need compatibility with older versions.
[0.016s] 
[0.017s] [0m
[0.060s] -- The C compiler identification is GNU 11.4.0
[0.096s] -- The CXX compiler identification is GNU 11.4.0
[0.101s] -- Detecting C compiler ABI info
[0.148s] -- Detecting C compiler ABI info - done
[0.153s] -- Check for working C compiler: /usr/bin/cc - skipped
[0.154s] -- Detecting C compile features
[0.154s] -- Detecting C compile features - done
[0.156s] -- Detecting CXX compiler ABI info
[0.208s] -- Detecting CXX compiler ABI info - done
[0.213s] -- Check for working CXX compiler: /usr/bin/c++ - skipped
[0.214s] -- Detecting CXX compile features
[0.214s] -- Detecting CXX compile features - done
[0.220s] -- Configuring incomplete, errors occurred!
[0.220s] See also "/home/lianxin/Projects/SpaceMan_ws/build/satellite/CMakeFiles/CMakeOutput.log".
[0.221s] [31mCMake Error at CMakeLists.txt:5 (find_package):
[0.221s]   By not providing "Findcatkin.cmake" in CMAKE_MODULE_PATH this project has
[0.221s]   asked CMake to find a package configuration file provided by "catkin", but
[0.221s]   CMake did not find one.
[0.221s] 
[0.221s]   Could not find a package configuration file provided by "catkin" with any
[0.221s]   of the following names:
[0.221s] 
[0.221s]     catkinConfig.cmake
[0.222s]     catkin-config.cmake
[0.222s] 
[0.222s]   Add the installation prefix of "catkin" to CMAKE_PREFIX_PATH or set
[0.222s]   "catkin_DIR" to a directory containing one of the above files.  If "catkin"
[0.222s]   provides a separate development package or SDK, be sure it has been
[0.222s]   installed.
[0.222s] 
[0.222s] [0m
[0.224s] Invoked command in '/home/lianxin/Projects/SpaceMan_ws/build/satellite' returned '1': CONDA_PROMPT_MODIFIER=(base) /usr/bin/cmake /home/lianxin/Projects/SpaceMan_ws/spaceman/src/assets/urdf/satellite -DCATKIN_INSTALL_INTO_PREFIX_ROOT=0 -DCMAKE_INSTALL_PREFIX=/home/lianxin/Projects/SpaceMan_ws/install/satellite
