/home/robotarm/SpaceMan/install/remote_control_pkg/lib/python3.10/site-packages/remote_control_pkg/gello_control_node.py
/home/robotarm/SpaceMan/install/remote_control_pkg/lib/python3.10/site-packages/remote_control_pkg/widowx250s_ee_contorl_node.py
/home/robotarm/SpaceMan/install/remote_control_pkg/lib/python3.10/site-packages/remote_control_pkg/keyboard_control_node.py
/home/robotarm/SpaceMan/install/remote_control_pkg/lib/python3.10/site-packages/remote_control_pkg/__init__.py
/home/robotarm/SpaceMan/install/remote_control_pkg/lib/python3.10/site-packages/remote_control_pkg/__pycache__/gello_control_node.cpython-310.pyc
/home/robotarm/SpaceMan/install/remote_control_pkg/lib/python3.10/site-packages/remote_control_pkg/__pycache__/widowx250s_ee_contorl_node.cpython-310.pyc
/home/robotarm/SpaceMan/install/remote_control_pkg/lib/python3.10/site-packages/remote_control_pkg/__pycache__/keyboard_control_node.cpython-310.pyc
/home/robotarm/SpaceMan/install/remote_control_pkg/lib/python3.10/site-packages/remote_control_pkg/__pycache__/__init__.cpython-310.pyc
/home/robotarm/SpaceMan/install/remote_control_pkg/share/ament_index/resource_index/packages/remote_control_pkg
/home/robotarm/SpaceMan/install/remote_control_pkg/share/remote_control_pkg/package.xml
/home/robotarm/SpaceMan/install/remote_control_pkg/lib/python3.10/site-packages/remote_control_pkg-0.0.0-py3.10.egg-info/top_level.txt
/home/robotarm/SpaceMan/install/remote_control_pkg/lib/python3.10/site-packages/remote_control_pkg-0.0.0-py3.10.egg-info/PKG-INFO
/home/robotarm/SpaceMan/install/remote_control_pkg/lib/python3.10/site-packages/remote_control_pkg-0.0.0-py3.10.egg-info/requires.txt
/home/robotarm/SpaceMan/install/remote_control_pkg/lib/python3.10/site-packages/remote_control_pkg-0.0.0-py3.10.egg-info/zip-safe
/home/robotarm/SpaceMan/install/remote_control_pkg/lib/python3.10/site-packages/remote_control_pkg-0.0.0-py3.10.egg-info/entry_points.txt
/home/robotarm/SpaceMan/install/remote_control_pkg/lib/python3.10/site-packages/remote_control_pkg-0.0.0-py3.10.egg-info/SOURCES.txt
/home/robotarm/SpaceMan/install/remote_control_pkg/lib/python3.10/site-packages/remote_control_pkg-0.0.0-py3.10.egg-info/dependency_links.txt
/home/robotarm/SpaceMan/install/remote_control_pkg/lib/remote_control_pkg/gello_control_node
/home/robotarm/SpaceMan/install/remote_control_pkg/lib/remote_control_pkg/keyboard_control_node
/home/robotarm/SpaceMan/install/remote_control_pkg/lib/remote_control_pkg/widowx250s_ee_contorl_node
