running egg_info
writing ../../build/satellite_manipulation_pkg/satellite_manipulation_pkg.egg-info/PKG-INFO
writing dependency_links to ../../build/satellite_manipulation_pkg/satellite_manipulation_pkg.egg-info/dependency_links.txt
writing entry points to ../../build/satellite_manipulation_pkg/satellite_manipulation_pkg.egg-info/entry_points.txt
writing requirements to ../../build/satellite_manipulation_pkg/satellite_manipulation_pkg.egg-info/requires.txt
writing top-level names to ../../build/satellite_manipulation_pkg/satellite_manipulation_pkg.egg-info/top_level.txt
reading manifest file '../../build/satellite_manipulation_pkg/satellite_manipulation_pkg.egg-info/SOURCES.txt'
writing manifest file '../../build/satellite_manipulation_pkg/satellite_manipulation_pkg.egg-info/SOURCES.txt'
running build
running build_py
copying satellite_manipulation_pkg/__init__.py -> /home/robotarm/SpaceMan/build/satellite_manipulation_pkg/build/lib/satellite_manipulation_pkg
copying satellite_manipulation_pkg/starlink_manipulator_node.py -> /home/robotarm/SpaceMan/build/satellite_manipulation_pkg/build/lib/satellite_manipulation_pkg
running install
running install_lib
copying /home/robotarm/SpaceMan/build/satellite_manipulation_pkg/build/lib/satellite_manipulation_pkg/starlink_manipulator_node.py -> /home/robotarm/SpaceMan/install/satellite_manipulation_pkg/lib/python3.10/site-packages/satellite_manipulation_pkg
byte-compiling /home/robotarm/SpaceMan/install/satellite_manipulation_pkg/lib/python3.10/site-packages/satellite_manipulation_pkg/__init__.py to __init__.cpython-310.pyc
byte-compiling /home/robotarm/SpaceMan/install/satellite_manipulation_pkg/lib/python3.10/site-packages/satellite_manipulation_pkg/starlink_manipulator_node.py to starlink_manipulator_node.cpython-310.pyc
byte-compiling /home/robotarm/SpaceMan/install/satellite_manipulation_pkg/lib/python3.10/site-packages/satellite_manipulation_pkg/satellite_onearm_node.py to satellite_onearm_node.cpython-310.pyc
running install_data
copying resource/satellite_manipulation_pkg -> /home/robotarm/SpaceMan/install/satellite_manipulation_pkg/share/ament_index/resource_index/packages
copying package.xml -> /home/robotarm/SpaceMan/install/satellite_manipulation_pkg/share/satellite_manipulation_pkg
running install_egg_info
removing '/home/robotarm/SpaceMan/install/satellite_manipulation_pkg/lib/python3.10/site-packages/satellite_manipulation_pkg-0.0.0-py3.10.egg-info' (and everything under it)
Copying ../../build/satellite_manipulation_pkg/satellite_manipulation_pkg.egg-info to /home/robotarm/SpaceMan/install/satellite_manipulation_pkg/lib/python3.10/site-packages/satellite_manipulation_pkg-0.0.0-py3.10.egg-info
running install_scripts
Installing satellite_onearm_node script to /home/robotarm/SpaceMan/install/satellite_manipulation_pkg/lib/satellite_manipulation_pkg
Installing starlink_manipulator_node script to /home/robotarm/SpaceMan/install/satellite_manipulation_pkg/lib/satellite_manipulation_pkg
writing list of installed files to '/home/robotarm/SpaceMan/build/satellite_manipulation_pkg/install.log'
