[0.008s] Invoking command in '/home/lianxin/Projects/SpaceMan_ws/build/satellite_battery': CONDA_PROMPT_MODIFIER=(base) /usr/bin/cmake /home/lianxin/Projects/SpaceMan_ws/spaceman/src/assets/urdf/satellite_battery -DCATKIN_INSTALL_INTO_PREFIX_ROOT=0 -DCMAKE_INSTALL_PREFIX=/home/lianxin/Projects/SpaceMan_ws/install/satellite_battery
[0.012s] [0mCMake Deprecation Warning at CMakeLists.txt:1 (cmake_minimum_required):
[0.012s]   Compatibility with CMake < 2.8.12 will be removed from a future version of
[0.012s]   CMake.
[0.012s] 
[0.012s]   Update the VERSION argument <min> value or use a ...<max> suffix to tell
[0.012s]   CMake that the project does not need compatibility with older versions.
[0.012s] 
[0.012s] [0m
[0.057s] -- The C compiler identification is GNU 11.4.0
[0.093s] -- The CXX compiler identification is GNU 11.4.0
[0.098s] -- Detecting C compiler ABI info
[0.143s] -- Detecting C compiler ABI info - done
[0.148s] -- Check for working C compiler: /usr/bin/cc - skipped
[0.149s] -- Detecting C compile features
[0.149s] -- Detecting C compile features - done
[0.151s] -- Detecting CXX compiler ABI info
[0.206s] -- Detecting CXX compiler ABI info - done
[0.210s] -- Check for working CXX compiler: /usr/bin/c++ - skipped
[0.211s] -- Detecting CXX compile features
[0.211s] -- Detecting CXX compile features - done
[0.217s] -- Configuring incomplete, errors occurred!
[0.217s] See also "/home/lianxin/Projects/SpaceMan_ws/build/satellite_battery/CMakeFiles/CMakeOutput.log".
[0.217s] [31mCMake Error at CMakeLists.txt:5 (find_package):
[0.217s]   By not providing "Findcatkin.cmake" in CMAKE_MODULE_PATH this project has
[0.217s]   asked CMake to find a package configuration file provided by "catkin", but
[0.217s]   CMake did not find one.
[0.217s] 
[0.217s]   Could not find a package configuration file provided by "catkin" with any
[0.217s]   of the following names:
[0.217s] 
[0.218s]     catkinConfig.cmake
[0.218s]     catkin-config.cmake
[0.218s] 
[0.218s]   Add the installation prefix of "catkin" to CMAKE_PREFIX_PATH or set
[0.218s]   "catkin_DIR" to a directory containing one of the above files.  If "catkin"
[0.218s]   provides a separate development package or SDK, be sure it has been
[0.218s]   installed.
[0.218s] 
[0.218s] [0m
[0.221s] Invoked command in '/home/lianxin/Projects/SpaceMan_ws/build/satellite_battery' returned '1': CONDA_PROMPT_MODIFIER=(base) /usr/bin/cmake /home/lianxin/Projects/SpaceMan_ws/spaceman/src/assets/urdf/satellite_battery -DCATKIN_INSTALL_INTO_PREFIX_ROOT=0 -DCMAKE_INSTALL_PREFIX=/home/lianxin/Projects/SpaceMan_ws/install/satellite_battery
