running egg_info
writing ../../build/satellite_manipulation_pkg/satellite_manipulation_pkg.egg-info/PKG-INFO
writing dependency_links to ../../build/satellite_manipulation_pkg/satellite_manipulation_pkg.egg-info/dependency_links.txt
writing entry points to ../../build/satellite_manipulation_pkg/satellite_manipulation_pkg.egg-info/entry_points.txt
writing requirements to ../../build/satellite_manipulation_pkg/satellite_manipulation_pkg.egg-info/requires.txt
writing top-level names to ../../build/satellite_manipulation_pkg/satellite_manipulation_pkg.egg-info/top_level.txt
reading manifest file '../../build/satellite_manipulation_pkg/satellite_manipulation_pkg.egg-info/SOURCES.txt'
writing manifest file '../../build/satellite_manipulation_pkg/satellite_manipulation_pkg.egg-info/SOURCES.txt'
running build
running build_py
copying satellite_manipulation_pkg/satellite_onearm_node.py -> /home/robotarm/Desktop/SpaceMan-feature-branch/build/satellite_manipulation_pkg/build/lib/satellite_manipulation_pkg
running install
running install_lib
copying /home/robotarm/Desktop/SpaceMan-feature-branch/build/satellite_manipulation_pkg/build/lib/satellite_manipulation_pkg/satellite_onearm_node.py -> /home/robotarm/Desktop/SpaceMan-feature-branch/install/satellite_manipulation_pkg/lib/python3.10/site-packages/satellite_manipulation_pkg
byte-compiling /home/robotarm/Desktop/SpaceMan-feature-branch/install/satellite_manipulation_pkg/lib/python3.10/site-packages/satellite_manipulation_pkg/satellite_onearm_node.py to satellite_onearm_node.cpython-310.pyc
running install_data
running install_egg_info
removing '/home/robotarm/Desktop/SpaceMan-feature-branch/install/satellite_manipulation_pkg/lib/python3.10/site-packages/satellite_manipulation_pkg-0.0.0-py3.10.egg-info' (and everything under it)
Copying ../../build/satellite_manipulation_pkg/satellite_manipulation_pkg.egg-info to /home/robotarm/Desktop/SpaceMan-feature-branch/install/satellite_manipulation_pkg/lib/python3.10/site-packages/satellite_manipulation_pkg-0.0.0-py3.10.egg-info
running install_scripts
Installing satellite_onearm_node script to /home/robotarm/Desktop/SpaceMan-feature-branch/install/satellite_manipulation_pkg/lib/satellite_manipulation_pkg
writing list of installed files to '/home/robotarm/Desktop/SpaceMan-feature-branch/build/satellite_manipulation_pkg/install.log'
