[0.424s] Invoking command in '/home/lianxin/Projects/SpaceMan_ws/src/satellite_manipulation_pkg': CONDA_PROMPT_MODIFIER=(genesis_env) PYTHONPATH=/home/lianxin/Projects/SpaceMan_ws/build/satellite_manipulation_pkg/prefix_override:/home/lianxin/.local/lib/python3.10/site-packages/colcon_core/task/python/colcon_distutils_commands:/home/lianxin/Projects/SpaceMan_ws/install/satellite_manipulation_pkg/lib/python3.10/site-packages:${PYTHONPATH} /usr/bin/python3 -W ignore:setup.py install is deprecated -W ignore:easy_install command is deprecated setup.py egg_info --egg-base ../../build/satellite_manipulation_pkg build --build-base /home/lianxin/Projects/SpaceMan_ws/build/satellite_manipulation_pkg/build install --record /home/lianxin/Projects/SpaceMan_ws/build/satellite_manipulation_pkg/install.log --single-version-externally-managed install_data
[0.547s] running egg_info
[0.547s] writing ../../build/satellite_manipulation_pkg/satellite_manipulation_pkg.egg-info/PKG-INFO
[0.547s] writing dependency_links to ../../build/satellite_manipulation_pkg/satellite_manipulation_pkg.egg-info/dependency_links.txt
[0.547s] writing entry points to ../../build/satellite_manipulation_pkg/satellite_manipulation_pkg.egg-info/entry_points.txt
[0.547s] writing requirements to ../../build/satellite_manipulation_pkg/satellite_manipulation_pkg.egg-info/requires.txt
[0.547s] writing top-level names to ../../build/satellite_manipulation_pkg/satellite_manipulation_pkg.egg-info/top_level.txt
[0.548s] reading manifest file '../../build/satellite_manipulation_pkg/satellite_manipulation_pkg.egg-info/SOURCES.txt'
[0.549s] writing manifest file '../../build/satellite_manipulation_pkg/satellite_manipulation_pkg.egg-info/SOURCES.txt'
[0.549s] running build
[0.549s] running build_py
[0.549s] copying satellite_manipulation_pkg/satellite_onearm_node.py -> /home/lianxin/Projects/SpaceMan_ws/build/satellite_manipulation_pkg/build/lib/satellite_manipulation_pkg
[0.549s] running install
[0.549s] running install_lib
[0.550s] copying /home/lianxin/Projects/SpaceMan_ws/build/satellite_manipulation_pkg/build/lib/satellite_manipulation_pkg/satellite_onearm_node.py -> /home/lianxin/Projects/SpaceMan_ws/install/satellite_manipulation_pkg/lib/python3.10/site-packages/satellite_manipulation_pkg
[0.550s] byte-compiling /home/lianxin/Projects/SpaceMan_ws/install/satellite_manipulation_pkg/lib/python3.10/site-packages/satellite_manipulation_pkg/satellite_onearm_node.py to satellite_onearm_node.cpython-310.pyc
[0.551s] running install_data
[0.551s] running install_egg_info
[0.552s] removing '/home/lianxin/Projects/SpaceMan_ws/install/satellite_manipulation_pkg/lib/python3.10/site-packages/satellite_manipulation_pkg-0.0.0-py3.10.egg-info' (and everything under it)
[0.552s] Copying ../../build/satellite_manipulation_pkg/satellite_manipulation_pkg.egg-info to /home/lianxin/Projects/SpaceMan_ws/install/satellite_manipulation_pkg/lib/python3.10/site-packages/satellite_manipulation_pkg-0.0.0-py3.10.egg-info
[0.552s] running install_scripts
[0.565s] Installing satellite_onearm_node script to /home/lianxin/Projects/SpaceMan_ws/install/satellite_manipulation_pkg/lib/satellite_manipulation_pkg
[0.565s] writing list of installed files to '/home/lianxin/Projects/SpaceMan_ws/build/satellite_manipulation_pkg/install.log'
[0.577s] Invoked command in '/home/lianxin/Projects/SpaceMan_ws/src/satellite_manipulation_pkg' returned '0': CONDA_PROMPT_MODIFIER=(genesis_env) PYTHONPATH=/home/lianxin/Projects/SpaceMan_ws/build/satellite_manipulation_pkg/prefix_override:/home/lianxin/.local/lib/python3.10/site-packages/colcon_core/task/python/colcon_distutils_commands:/home/lianxin/Projects/SpaceMan_ws/install/satellite_manipulation_pkg/lib/python3.10/site-packages:${PYTHONPATH} /usr/bin/python3 -W ignore:setup.py install is deprecated -W ignore:easy_install command is deprecated setup.py egg_info --egg-base ../../build/satellite_manipulation_pkg build --build-base /home/lianxin/Projects/SpaceMan_ws/build/satellite_manipulation_pkg/build install --record /home/lianxin/Projects/SpaceMan_ws/build/satellite_manipulation_pkg/install.log --single-version-externally-managed install_data
