running egg_info
writing ../../build/remote_control_pkg/remote_control_pkg.egg-info/PKG-INFO
writing dependency_links to ../../build/remote_control_pkg/remote_control_pkg.egg-info/dependency_links.txt
writing entry points to ../../build/remote_control_pkg/remote_control_pkg.egg-info/entry_points.txt
writing requirements to ../../build/remote_control_pkg/remote_control_pkg.egg-info/requires.txt
writing top-level names to ../../build/remote_control_pkg/remote_control_pkg.egg-info/top_level.txt
reading manifest file '../../build/remote_control_pkg/remote_control_pkg.egg-info/SOURCES.txt'
writing manifest file '../../build/remote_control_pkg/remote_control_pkg.egg-info/SOURCES.txt'
running build
running build_py
copying remote_control_pkg/gello_control_node.py -> /home/robotarm/SpaceMan/build/remote_control_pkg/build/lib/remote_control_pkg
copying remote_control_pkg/widowx250s_ee_contorl_node.py -> /home/robotarm/SpaceMan/build/remote_control_pkg/build/lib/remote_control_pkg
copying remote_control_pkg/keyboard_control_node.py -> /home/robotarm/SpaceMan/build/remote_control_pkg/build/lib/remote_control_pkg
copying remote_control_pkg/__init__.py -> /home/robotarm/SpaceMan/build/remote_control_pkg/build/lib/remote_control_pkg
running install
running install_lib
copying /home/robotarm/SpaceMan/build/remote_control_pkg/build/lib/remote_control_pkg/gello_control_node.py -> /home/robotarm/SpaceMan/install/remote_control_pkg/lib/python3.10/site-packages/remote_control_pkg
copying /home/robotarm/SpaceMan/build/remote_control_pkg/build/lib/remote_control_pkg/widowx250s_ee_contorl_node.py -> /home/robotarm/SpaceMan/install/remote_control_pkg/lib/python3.10/site-packages/remote_control_pkg
copying /home/robotarm/SpaceMan/build/remote_control_pkg/build/lib/remote_control_pkg/keyboard_control_node.py -> /home/robotarm/SpaceMan/install/remote_control_pkg/lib/python3.10/site-packages/remote_control_pkg
byte-compiling /home/robotarm/SpaceMan/install/remote_control_pkg/lib/python3.10/site-packages/remote_control_pkg/gello_control_node.py to gello_control_node.cpython-310.pyc
byte-compiling /home/robotarm/SpaceMan/install/remote_control_pkg/lib/python3.10/site-packages/remote_control_pkg/widowx250s_ee_contorl_node.py to widowx250s_ee_contorl_node.cpython-310.pyc
byte-compiling /home/robotarm/SpaceMan/install/remote_control_pkg/lib/python3.10/site-packages/remote_control_pkg/keyboard_control_node.py to keyboard_control_node.cpython-310.pyc
byte-compiling /home/robotarm/SpaceMan/install/remote_control_pkg/lib/python3.10/site-packages/remote_control_pkg/__init__.py to __init__.cpython-310.pyc
running install_data
copying resource/remote_control_pkg -> /home/robotarm/SpaceMan/install/remote_control_pkg/share/ament_index/resource_index/packages
copying package.xml -> /home/robotarm/SpaceMan/install/remote_control_pkg/share/remote_control_pkg
running install_egg_info
removing '/home/robotarm/SpaceMan/install/remote_control_pkg/lib/python3.10/site-packages/remote_control_pkg-0.0.0-py3.10.egg-info' (and everything under it)
Copying ../../build/remote_control_pkg/remote_control_pkg.egg-info to /home/robotarm/SpaceMan/install/remote_control_pkg/lib/python3.10/site-packages/remote_control_pkg-0.0.0-py3.10.egg-info
running install_scripts
Installing gello_control_node script to /home/robotarm/SpaceMan/install/remote_control_pkg/lib/remote_control_pkg
Installing keyboard_control_node script to /home/robotarm/SpaceMan/install/remote_control_pkg/lib/remote_control_pkg
Installing widowx250s_ee_contorl_node script to /home/robotarm/SpaceMan/install/remote_control_pkg/lib/remote_control_pkg
writing list of installed files to '/home/robotarm/SpaceMan/build/remote_control_pkg/install.log'
