[1.588s] Invoking command in '/home/robotarm/SpaceMan/src/remote_control_pkg': CONDA_PROMPT_MODIFIER=(genesis_env) PYTHONPATH=/home/robotarm/SpaceMan/build/remote_control_pkg/prefix_override:/usr/lib/python3/dist-packages/colcon_core/task/python/colcon_distutils_commands:/home/robotarm/SpaceMan/install/remote_control_pkg/lib/python3.10/site-packages:${PYTHONPATH} /usr/bin/python3 -W ignore:setup.py install is deprecated -W ignore:easy_install command is deprecated setup.py egg_info --egg-base ../../build/remote_control_pkg build --build-base /home/robotarm/SpaceMan/build/remote_control_pkg/build install --record /home/robotarm/SpaceMan/build/remote_control_pkg/install.log --single-version-externally-managed install_data
[2.063s] running egg_info
[2.096s] writing ../../build/remote_control_pkg/remote_control_pkg.egg-info/PKG-INFO
[2.096s] writing dependency_links to ../../build/remote_control_pkg/remote_control_pkg.egg-info/dependency_links.txt
[2.097s] writing entry points to ../../build/remote_control_pkg/remote_control_pkg.egg-info/entry_points.txt
[2.097s] writing requirements to ../../build/remote_control_pkg/remote_control_pkg.egg-info/requires.txt
[2.097s] writing top-level names to ../../build/remote_control_pkg/remote_control_pkg.egg-info/top_level.txt
[2.167s] reading manifest file '../../build/remote_control_pkg/remote_control_pkg.egg-info/SOURCES.txt'
[2.170s] writing manifest file '../../build/remote_control_pkg/remote_control_pkg.egg-info/SOURCES.txt'
[2.170s] running build
[2.170s] running build_py
[2.170s] copying remote_control_pkg/gello_control_node.py -> /home/robotarm/SpaceMan/build/remote_control_pkg/build/lib/remote_control_pkg
[2.170s] copying remote_control_pkg/widowx250s_ee_contorl_node.py -> /home/robotarm/SpaceMan/build/remote_control_pkg/build/lib/remote_control_pkg
[2.170s] copying remote_control_pkg/keyboard_control_node.py -> /home/robotarm/SpaceMan/build/remote_control_pkg/build/lib/remote_control_pkg
[2.171s] copying remote_control_pkg/__init__.py -> /home/robotarm/SpaceMan/build/remote_control_pkg/build/lib/remote_control_pkg
[2.171s] running install
[2.178s] running install_lib
[2.212s] copying /home/robotarm/SpaceMan/build/remote_control_pkg/build/lib/remote_control_pkg/gello_control_node.py -> /home/robotarm/SpaceMan/install/remote_control_pkg/lib/python3.10/site-packages/remote_control_pkg
[2.212s] copying /home/robotarm/SpaceMan/build/remote_control_pkg/build/lib/remote_control_pkg/widowx250s_ee_contorl_node.py -> /home/robotarm/SpaceMan/install/remote_control_pkg/lib/python3.10/site-packages/remote_control_pkg
[2.212s] copying /home/robotarm/SpaceMan/build/remote_control_pkg/build/lib/remote_control_pkg/keyboard_control_node.py -> /home/robotarm/SpaceMan/install/remote_control_pkg/lib/python3.10/site-packages/remote_control_pkg
[2.213s] byte-compiling /home/robotarm/SpaceMan/install/remote_control_pkg/lib/python3.10/site-packages/remote_control_pkg/gello_control_node.py to gello_control_node.cpython-310.pyc
[2.214s] byte-compiling /home/robotarm/SpaceMan/install/remote_control_pkg/lib/python3.10/site-packages/remote_control_pkg/widowx250s_ee_contorl_node.py to widowx250s_ee_contorl_node.cpython-310.pyc
[2.216s] byte-compiling /home/robotarm/SpaceMan/install/remote_control_pkg/lib/python3.10/site-packages/remote_control_pkg/keyboard_control_node.py to keyboard_control_node.cpython-310.pyc
[2.219s] byte-compiling /home/robotarm/SpaceMan/install/remote_control_pkg/lib/python3.10/site-packages/remote_control_pkg/__init__.py to __init__.cpython-310.pyc
[2.220s] running install_data
[2.220s] copying resource/remote_control_pkg -> /home/robotarm/SpaceMan/install/remote_control_pkg/share/ament_index/resource_index/packages
[2.220s] copying package.xml -> /home/robotarm/SpaceMan/install/remote_control_pkg/share/remote_control_pkg
[2.220s] running install_egg_info
[2.256s] removing '/home/robotarm/SpaceMan/install/remote_control_pkg/lib/python3.10/site-packages/remote_control_pkg-0.0.0-py3.10.egg-info' (and everything under it)
[2.257s] Copying ../../build/remote_control_pkg/remote_control_pkg.egg-info to /home/robotarm/SpaceMan/install/remote_control_pkg/lib/python3.10/site-packages/remote_control_pkg-0.0.0-py3.10.egg-info
[2.258s] running install_scripts
[2.334s] Installing gello_control_node script to /home/robotarm/SpaceMan/install/remote_control_pkg/lib/remote_control_pkg
[2.334s] Installing keyboard_control_node script to /home/robotarm/SpaceMan/install/remote_control_pkg/lib/remote_control_pkg
[2.334s] Installing widowx250s_ee_contorl_node script to /home/robotarm/SpaceMan/install/remote_control_pkg/lib/remote_control_pkg
[2.335s] writing list of installed files to '/home/robotarm/SpaceMan/build/remote_control_pkg/install.log'
[2.370s] Invoked command in '/home/robotarm/SpaceMan/src/remote_control_pkg' returned '0': CONDA_PROMPT_MODIFIER=(genesis_env) PYTHONPATH=/home/robotarm/SpaceMan/build/remote_control_pkg/prefix_override:/usr/lib/python3/dist-packages/colcon_core/task/python/colcon_distutils_commands:/home/robotarm/SpaceMan/install/remote_control_pkg/lib/python3.10/site-packages:${PYTHONPATH} /usr/bin/python3 -W ignore:setup.py install is deprecated -W ignore:easy_install command is deprecated setup.py egg_info --egg-base ../../build/remote_control_pkg build --build-base /home/robotarm/SpaceMan/build/remote_control_pkg/build install --record /home/robotarm/SpaceMan/build/remote_control_pkg/install.log --single-version-externally-managed install_data
